<?xml version="1.0" encoding="UTF-8"?>
<!-- Generated by org.testng.reporters.JUnitReportReporter -->
<testsuite hostname="HYD-SNAKKA-L2" failures="0" tests="2" name="com.marvel.tests.Charactertest" time="20.438" errors="0" timestamp="2020-01-08T08:45:21 IST" skipped="0">
  <testcase classname="com.marvel.tests.Charactertest" name="readSeries" time="11.806"/>
  <system-out/>
  <testcase classname="com.marvel.tests.Charactertest" name="readCharacters" time="8.632"/>
  <system-out/>
</testsuite> <!-- com.marvel.tests.Charactertest -->
