<?xml version="1.0" encoding="UTF-8"?>
<!-- Generated by org.testng.reporters.JUnitReportReporter -->
<testsuite hostname="HYD-SNAKKA-L2" failures="0" tests="1" name="com.marvel.tests.EventsTest" time="6.287" errors="0" timestamp="2020-01-08T08:14:16 IST" skipped="0">
  <testcase classname="com.marvel.tests.EventsTest" name="readCharactersofEvents" time="6.287"/>
  <system-out/>
</testsuite> <!-- com.marvel.tests.EventsTest -->
